<?xml version="1.0" encoding="UTF-8"?>
<!-- Generated by org.testng.reporters.JUnitReportReporter -->
<testsuite hostname="Pavan_Kumar" failures="0" tests="1" name="driverScript.AppTest" time="72.019" errors="0" timestamp="2024-05-29T18:23:43 IST" skipped="0">
  <testcase classname="driverScript.AppTest" name="startTest" time="72.019">
    <system-out>
      <![CDATA[Customer Added successCustomer-00000006315  Customer-00000006315
Customer Added successCustomer-00000006316  Customer-00000006316
Customer Added successCustomer-00000006317  Customer-00000006317
Customer Added successCustomer-00000006318  Customer-00000006318
Customer Added successCustomer-00000006319  Customer-00000006319
Customer Added successCustomer-00000006320  Customer-00000006320
Customer Added successCustomer-00000006321  Customer-00000006321]]>
    </system-out>
  </testcase> <!-- startTest -->
  <system-out>
    <![CDATA[Customer Added successCustomer-00000006315  Customer-00000006315
Customer Added successCustomer-00000006316  Customer-00000006316
Customer Added successCustomer-00000006317  Customer-00000006317
Customer Added successCustomer-00000006318  Customer-00000006318
Customer Added successCustomer-00000006319  Customer-00000006319
Customer Added successCustomer-00000006320  Customer-00000006320
Customer Added successCustomer-00000006321  Customer-00000006321]]>
  </system-out>
</testsuite> <!-- driverScript.AppTest -->
