<?xml version="1.0" encoding="UTF-8"?>
<!-- Generated by org.testng.reporters.JUnitReportReporter -->
<testsuite hostname="Pavan_Kumar" failures="0" tests="1" name="driverScript.AppTest" time="71.688" errors="0" timestamp="2024-05-29T18:20:16 IST" skipped="0">
  <testcase classname="driverScript.AppTest" name="startTest" time="71.688">
    <system-out>
      <![CDATA[Customer Added Fail   Customer-00000004728
Customer Added Fail   Customer-00000004728
Customer Added Fail   Customer-00000004728
Customer Added Fail   Customer-00000004728
Customer Added Fail   Customer-00000004728
Customer Added Fail   Customer-00000004728
Customer Added Fail   Customer-00000004728]]>
    </system-out>
  </testcase> <!-- startTest -->
  <system-out>
    <![CDATA[Customer Added Fail   Customer-00000004728
Customer Added Fail   Customer-00000004728
Customer Added Fail   Customer-00000004728
Customer Added Fail   Customer-00000004728
Customer Added Fail   Customer-00000004728
Customer Added Fail   Customer-00000004728
Customer Added Fail   Customer-00000004728]]>
  </system-out>
</testsuite> <!-- driverScript.AppTest -->
